<?xml version="1.0" encoding="UTF-8"?>
<!-- Generated by org.testng.reporters.JUnitReportReporter -->
<testsuite hostname="Admin-PC" failures="0" tests="1" name="testNG.TestNGClass" time="0.014" errors="0" timestamp="2022-11-09T13:09:15 IST" skipped="0">
  <testcase classname="testNG.TestNGClass" name="test" time="0.014"/>
  <system-out/>
</testsuite> <!-- testNG.TestNGClass -->
